15:13:59 [0007]	Агент начинает свою работу

15:13:59 [0007]	Найдено новых адаптаций в группе 7394140489688443217 (Тестовая ФЭС адаптация): 0
15:13:59 [0007]	Найдено новых адаптаций в группе 7402592774659287312 (Адаптация: Департамент IT - Руководители): 0
15:13:59 [0007]	Найдено новых адаптаций в группе 7390256430404117451 (Адаптация: Департамент IT - Сотрудники): 0
15:13:59 [0007]	Найдено новых адаптаций в группе 7402593000676200268 (Адаптация: ФЭС - Руководители): 0



15:13:59 [0007]	Найдено новых адаптаций в группе 7377317609390036182 (Адаптация: ФЭС - Сотрудники): 1
15:13:59 [0007]	HR менеджер для группы: 6824616302672833997
15:13:59 [0007]	Обработка адаптации #7483736610745299885
15:13:59 [0007]	Руководитель для сотрудника 7483679062826904635: #7002363549683682350(Степушкина)
15:13:59 [0007]	Сегодня второй день начала адаптации
15:13:59 [0007]	Куратор уже назначен

15:13:59 [0007]	Найдено новых адаптаций в группе 7460427373630292600 (Адаптация: HR - BP): 0
15:13:59 [0007]	Найдено новых адаптаций в группе 7460428353143524499 (Адаптация: HR - PR): 0

15:13:59 [0007]	Найдено новых адаптаций в группе 7460427871615362659 (Адаптация: HR - Компенсации и льготы): 1
15:13:59 [0007]	HR менеджер для группы: 6824616302672833997
15:13:59 [0007]	Обработка адаптации #7483852803011446433
15:13:59 [0007]	Руководитель для сотрудника 7477741906248753330: #7065450447098900220(Малева)
15:13:59 [0007]	Сегодня второй день начала адаптации
15:13:59 [0007]	Куратор уже назначен

15:13:59 [0007]	Найдено новых адаптаций в группе 7460428218413455461 (Адаптация: HR - Организационное развитие): 0
15:13:59 [0007]	Найдено новых адаптаций в группе 7460428619258876640 (Адаптация: HR - Подбор персонала): 0
15:13:59 [0007]	Найдено новых адаптаций в группе 7460428038686733612 (Адаптация: HR - Управление по обучению и развитию): 0
15:13:59 [0007]	Найдено новых адаптаций в группе 7478624067500471471 (Адаптация: Байсон): 0
15:13:59 [0007]	Найдено новых адаптаций в группе 7478626615271717122 (Адаптация: Опт): 0
